<?xml version="1.0" encoding="UTF-8"?>
<!-- Generated by org.testng.reporters.JUnitReportReporter -->
<testsuite skipped="0" hostname="LAPTOP-U3NIC1VB" name="com.automation.tests.TestNGTest" tests="2" failures="0" timestamp="27 Jan 2022 20:04:22 GMT" time="0.021" errors="0">
  <testcase name="firstTest" time="0.003" classname="com.automation.tests.TestNGTest"/>
  <testcase name="secondTest" time="0.018" classname="com.automation.tests.TestNGTest"/>
</testsuite> <!-- com.automation.tests.TestNGTest -->
